Command line:
   ./simple_count_tbw_isim_beh.exe
     -intstyle  ise
     -ipchost  localhost
     -ipcport  2682

Sun May 25 21:39:05 2008

Total Line Count : 16

 Elaboration Time: 0.020028 sec

 Current Memory Usage: 230.92 Meg

 Total Signals          : 7
 Total Nets             : 10
 Total Signal Drivers   : 4
 Total Blocks           : 7
 Total Primitive Blocks : 1
 Total Processes        : 4
 Total Traceable Variables  : 16
 Total Scalar Nets and Variables : 912
ntrace select -o on -m / -l this 
ntrace start 
isimrun 1000 ns 
Simulator is doing circuit initialization process.
Finished circuit initialization process.
restart
isimrun 2000 ns 
Simulator is doing circuit initialization process.
Finished circuit initialization process.

 Total Simulation Time: 0.110158 sec

 Current Memory Usage: 241.406 Meg

Sun May 25 21:39:52 2008

